<html>
<head>
<title>TestNG:  Default test</title>
<link href="../testng.css" rel="stylesheet" type="text/css" />
<link href="../my-testng.css" rel="stylesheet" type="text/css" />

<style type="text/css">
.log { display: none;} 
.stack-trace { display: none;} 
</style>
<script type="text/javascript">
<!--
function flip(e) {
  current = e.style.display;
  if (current == 'block') {
    e.style.display = 'none';
    return 0;
  }
  else {
    e.style.display = 'block';
    return 1;
  }
}

function toggleBox(szDivId, elem, msg1, msg2)
{
  var res = -1;  if (document.getElementById) {
    res = flip(document.getElementById(szDivId));
  }
  else if (document.all) {
    // this is the way old msie versions work
    res = flip(document.all[szDivId]);
  }
  if(elem) {
    if(res == 0) elem.innerHTML = msg1; else elem.innerHTML = msg2;
  }

}

function toggleAllBoxes() {
  if (document.getElementsByTagName) {
    d = document.getElementsByTagName('div');
    for (i = 0; i < d.length; i++) {
      if (d[i].className == 'log') {
        flip(d[i]);
      }
    }
  }
}

// -->
</script>

</head>
<body>
<h2 align='center'>Default test</h2><table border='1' align="center">
<tr>
<td>Tests passed/Failed/Skipped:</td><td>0/1/0</td>
</tr><tr>
<td>Started on:</td><td>Wed Jan 17 18:33:01 IST 2024</td>
</tr>
<tr><td>Total time:</td><td>55 seconds (55179 ms)</td>
</tr><tr>
<td>Included groups:</td><td></td>
</tr><tr>
<td>Excluded groups:</td><td></td>
</tr>
</table><p/>
<small><i>(Hover the method name to see the test class name)</i></small><p/>
<table width='100%' border='1' class='invocation-failed'>
<tr><td colspan='4' align='center'><b>FAILED TESTS</b></td></tr>
<tr><td><b>Test method</b></td>
<td><b>Attribute(s)</b></td>
<td width="30%"><b>Exception</b></td>
<td width="10%"><b>Time (seconds)</b></td>
<td><b>Instance</b></td>
</tr>
<tr>
<td title='runner.TestRunner.runScenario()'><b>runScenario</b><br>Test class: runner.TestRunner<br>Test method: Runs Cucumber Scenarios<br>Parameters: "To verify that user is able to make PNC from Paypal", "Sanity testing for Fnp.Q"</td>
<td><div><pre>java.lang.AssertionError: expected [Oops! Payment not confirmed!] but found [https://uat.fnp.ae/control/checkout-page-rj#/checkout-page]
	at org.testng.Assert.fail(Assert.java:110)
	at org.testng.Assert.failNotEquals(Assert.java:1577)
	at org.testng.Assert.assertEqualsImpl(Assert.java:149)
	at org.testng.Assert.assertEquals(Assert.java:131)
	at org.testng.Assert.assertEquals(Assert.java:655)
	at org.testng.Assert.assertEquals(Assert.java:665)
	at stepdefination.FnpLogin.verify_that_user_land_on_pnc_page_as_a(FnpLogin.java:884)
	at ✽.verify that user land on PNC page as a &quot;Oops! Payment not confirmed!&quot;(file:///C:/Users/Aman%20Tanmay%20Varshney/Downloads/FNP_PROJECT%20-%20Aman/src/test/resources/features/fnp.feature:241)
</pre></div><a href='#' onClick='toggleBox("stack-trace903297131", this, "Click to show all stack frames", "Click to hide stack frames")'>Click to show all stack frames</a>
<div class='stack-trace' id='stack-trace903297131'><pre>java.lang.AssertionError: expected [Oops! Payment not confirmed!] but found [https://uat.fnp.ae/control/checkout-page-rj#/checkout-page]
	at org.testng.Assert.fail(Assert.java:110)
	at org.testng.Assert.failNotEquals(Assert.java:1577)
	at org.testng.Assert.assertEqualsImpl(Assert.java:149)
	at org.testng.Assert.assertEquals(Assert.java:131)
	at org.testng.Assert.assertEquals(Assert.java:655)
	at org.testng.Assert.assertEquals(Assert.java:665)
	at stepdefination.FnpLogin.verify_that_user_land_on_pnc_page_as_a(FnpLogin.java:884)
	at ✽.verify that user land on PNC page as a &quot;Oops! Payment not confirmed!&quot;(file:///C:/Users/Aman%20Tanmay%20Varshney/Downloads/FNP_PROJECT%20-%20Aman/src/test/resources/features/fnp.feature:241)
</pre></div></td>
<td>51</td>
<td>runner.TestRunner@333d4a8c</td></tr>
</table><p>
</body>
</html>